<?xml version="1.0" encoding="UTF-8"?>
<testsuite xmlns:xsi="http://www.w3.org/2001/XMLSchema-instance" xsi:noNamespaceSchemaLocation="https://maven.apache.org/surefire/maven-surefire-plugin/xsd/surefire-test-report.xsd" name="io.alectra.MathUtilsTest" time="0.013" tests="2" errors="0" skipped="0" failures="0">
  <properties>
    <property name="sun.desktop" value="windows"/>
    <property name="awt.toolkit" value="sun.awt.windows.WToolkit"/>
    <property name="file.encoding.pkg" value="sun.io"/>
    <property name="java.specification.version" value="1.8"/>
    <property name="sun.cpu.isalist" value="amd64"/>
    <property name="sun.jnu.encoding" value="Cp1252"/>
    <property name="java.class.path" value="C:\Users\cong\eclipse-workspace\junit-5-basics\target\test-classes;C:\Users\cong\eclipse-workspace\junit-5-basics\target\classes;C:\Users\cong\.m2\repository\org\junit\jupiter\junit-jupiter-api\5.4.0\junit-jupiter-api-5.4.0.jar;C:\Users\cong\.m2\repository\org\apiguardian\apiguardian-api\1.0.0\apiguardian-api-1.0.0.jar;C:\Users\cong\.m2\repository\org\opentest4j\opentest4j\1.1.1\opentest4j-1.1.1.jar;C:\Users\cong\.m2\repository\org\junit\platform\junit-platform-commons\1.4.0\junit-platform-commons-1.4.0.jar;C:\Users\cong\.m2\repository\org\junit\jupiter\junit-jupiter-engine\5.4.0\junit-jupiter-engine-5.4.0.jar;C:\Users\cong\.m2\repository\org\junit\platform\junit-platform-engine\1.4.0\junit-platform-engine-1.4.0.jar;"/>
    <property name="java.vm.vendor" value="Oracle Corporation"/>
    <property name="sun.arch.data.model" value="64"/>
    <property name="user.variant" value=""/>
    <property name="java.vendor.url" value="http://java.oracle.com/"/>
    <property name="user.timezone" value="Asia/Shanghai"/>
    <property name="java.vm.specification.version" value="1.8"/>
    <property name="os.name" value="Windows 10"/>
    <property name="user.country" value="US"/>
    <property name="sun.java.launcher" value="SUN_STANDARD"/>
    <property name="sun.boot.library.path" value="C:\Program Files\Java\jdk1.8.0_301\jre\bin"/>
    <property name="sun.java.command" value="C:\Users\cong\AppData\Local\Temp\surefire1915148901957144516\surefirebooter3178215158967245359.jar C:\Users\cong\AppData\Local\Temp\surefire1915148901957144516 2024-10-22T10-40-35_543-jvmRun1 surefire4405005418232660040tmp surefire_01634710988697331184tmp"/>
    <property name="surefire.test.class.path" value="C:\Users\cong\eclipse-workspace\junit-5-basics\target\test-classes;C:\Users\cong\eclipse-workspace\junit-5-basics\target\classes;C:\Users\cong\.m2\repository\org\junit\jupiter\junit-jupiter-api\5.4.0\junit-jupiter-api-5.4.0.jar;C:\Users\cong\.m2\repository\org\apiguardian\apiguardian-api\1.0.0\apiguardian-api-1.0.0.jar;C:\Users\cong\.m2\repository\org\opentest4j\opentest4j\1.1.1\opentest4j-1.1.1.jar;C:\Users\cong\.m2\repository\org\junit\platform\junit-platform-commons\1.4.0\junit-platform-commons-1.4.0.jar;C:\Users\cong\.m2\repository\org\junit\jupiter\junit-jupiter-engine\5.4.0\junit-jupiter-engine-5.4.0.jar;C:\Users\cong\.m2\repository\org\junit\platform\junit-platform-engine\1.4.0\junit-platform-engine-1.4.0.jar;"/>
    <property name="sun.cpu.endian" value="little"/>
    <property name="user.home" value="C:\Users\cong"/>
    <property name="user.language" value="en"/>
    <property name="java.specification.vendor" value="Oracle Corporation"/>
    <property name="java.home" value="C:\Program Files\Java\jdk1.8.0_301\jre"/>
    <property name="basedir" value="C:\Users\cong\eclipse-workspace\junit-5-basics"/>
    <property name="file.separator" value="\"/>
    <property name="line.separator" value="&#10;"/>
    <property name="java.vm.specification.vendor" value="Oracle Corporation"/>
    <property name="java.specification.name" value="Java Platform API Specification"/>
    <property name="java.awt.graphicsenv" value="sun.awt.Win32GraphicsEnvironment"/>
    <property name="surefire.real.class.path" value="C:\Users\cong\AppData\Local\Temp\surefire1915148901957144516\surefirebooter3178215158967245359.jar"/>
    <property name="sun.boot.class.path" value="C:\Program Files\Java\jdk1.8.0_301\jre\lib\resources.jar;C:\Program Files\Java\jdk1.8.0_301\jre\lib\rt.jar;C:\Program Files\Java\jdk1.8.0_301\jre\lib\sunrsasign.jar;C:\Program Files\Java\jdk1.8.0_301\jre\lib\jsse.jar;C:\Program Files\Java\jdk1.8.0_301\jre\lib\jce.jar;C:\Program Files\Java\jdk1.8.0_301\jre\lib\charsets.jar;C:\Program Files\Java\jdk1.8.0_301\jre\lib\jfr.jar;C:\Program Files\Java\jdk1.8.0_301\jre\classes"/>
    <property name="user.script" value=""/>
    <property name="sun.management.compiler" value="HotSpot 64-Bit Tiered Compilers"/>
    <property name="java.runtime.version" value="1.8.0_301-b09"/>
    <property name="user.name" value="cong"/>
    <property name="path.separator" value=";"/>
    <property name="os.version" value="10.0"/>
    <property name="java.endorsed.dirs" value="C:\Program Files\Java\jdk1.8.0_301\jre\lib\endorsed"/>
    <property name="java.runtime.name" value="Java(TM) SE Runtime Environment"/>
    <property name="file.encoding" value="Cp1252"/>
    <property name="java.vm.name" value="Java HotSpot(TM) 64-Bit Server VM"/>
    <property name="localRepository" value="C:\Users\cong\.m2\repository"/>
    <property name="java.vendor.url.bug" value="http://bugreport.sun.com/bugreport/"/>
    <property name="java.io.tmpdir" value="C:\Users\cong\AppData\Local\Temp\"/>
    <property name="java.version" value="1.8.0_301"/>
    <property name="user.dir" value="C:\Users\cong\eclipse-workspace\junit-5-basics"/>
    <property name="os.arch" value="amd64"/>
    <property name="java.vm.specification.name" value="Java Virtual Machine Specification"/>
    <property name="java.awt.printerjob" value="sun.awt.windows.WPrinterJob"/>
    <property name="sun.os.patch.level" value=""/>
    <property name="java.library.path" value="C:\Program Files\Java\jdk1.8.0_301\jre\bin;C:\Windows\Sun\Java\bin;C:\Windows\system32;C:\Windows;C:/Users/cong/.p2/pool/plugins/org.eclipse.justj.openjdk.hotspot.jre.full.win32.x86_64_19.0.1.v20221102-1007/jre/bin/server;C:/Users/cong/.p2/pool/plugins/org.eclipse.justj.openjdk.hotspot.jre.full.win32.x86_64_19.0.1.v20221102-1007/jre/bin;C:\Program Files\Python312\Scripts\;C:\Program Files\Python312\;C:\Python311\Scripts\;C:\Python311\;C:\Program Files (x86)\Common Files\Oracle\Java\javapath;C:\Windows\system32;C:\Windows;C:\Windows\System32\Wbem;C:\Windows\System32\WindowsPowerShell\v1.0\;C:\Windows\System32\OpenSSH\;C:\Program Files\PuTTY\;C:\Program Files\nodejs\;C:\ProgramData\chocolatey\bin;C:\Program Files\Java\jdk-11\bin;C:\Program Files\Git\cmd;C:\Program Files\Amazon\AWSCLIV2\;C:\Program Files\Java\jdk1.8.0_301\bin;C:\Users\cong\AppData\Local\Microsoft\WindowsApps;C:\Users\cong\AppData\Local\Programs\Microsoft VS Code\bin;C:\Users\cong\AppData\Roaming\npm;C:\Users\cong\AppData\Local\GitHubDesktop\bin;C:\Users\cong\Documents\docker\docker;;C:\Windows\system32;;."/>
    <property name="java.vm.info" value="mixed mode"/>
    <property name="java.vendor" value="Oracle Corporation"/>
    <property name="java.vm.version" value="25.301-b09"/>
    <property name="java.ext.dirs" value="C:\Program Files\Java\jdk1.8.0_301\jre\lib\ext;C:\Windows\Sun\Java\lib\ext"/>
    <property name="sun.io.unicode.encoding" value="UnicodeLittle"/>
    <property name="java.class.version" value="52.0"/>
  </properties>
  <testcase name="testCircleArea" classname="io.alectra.MathUtilsTest" time="0.006"/>
  <testcase name="testAdd" classname="io.alectra.MathUtilsTest" time="0"/>
</testsuite>